<?xml version="1.0" encoding="UTF-8"?>
<!-- Generated by org.testng.reporters.JUnitReportReporter -->
<testsuite hostname="Rohan" failures="0" tests="2" name="testNG_practice.LearningWithDependsOnMethod" time="0.031" errors="0" timestamp="2025-05-04T02:55:16 IST" skipped="0">
  <testcase classname="testNG_practice.LearningWithDependsOnMethod" name="createTest" time="0.025"/>
  <testcase classname="testNG_practice.LearningWithDependsOnMethod" name="actionTest" time="0.006"/>
</testsuite> <!-- testNG_practice.LearningWithDependsOnMethod -->
