<?xml version="1.0" encoding="UTF-8"?>
<!-- Generated by org.testng.reporters.JUnitReportReporter -->
<testsuite hostname="Rohan" failures="0" tests="2" name="testNG_practice.LearningWithInvocationCount" time="0.012" errors="0" timestamp="2025-05-04T02:55:16 IST" skipped="0">
  <testcase classname="testNG_practice.LearningWithInvocationCount" name="deleteTest" time="0.003"/>
  <testcase classname="testNG_practice.LearningWithInvocationCount" name="deleteTest" time="0.009"/>
</testsuite> <!-- testNG_practice.LearningWithInvocationCount -->
