<?xml version="1.0" encoding="UTF-8"?>
<!-- Generated by org.testng.reporters.JUnitReportReporter -->
<testsuite hostname="Rohan" failures="0" tests="2" name="testNG_practice.LearningWithEnabled" time="9.175" errors="0" timestamp="2025-05-04T02:55:16 IST" skipped="0">
  <testcase classname="testNG_practice.LearningWithEnabled" name="modifyTest" time="9.151"/>
  <testcase classname="testNG_practice.LearningWithEnabled" name="actionTest" time="0.024"/>
</testsuite> <!-- testNG_practice.LearningWithEnabled -->
