<?xml version="1.0" encoding="UTF-8"?>
<!-- Generated by org.testng.reporters.JUnitReportReporter -->
<testsuite hostname="Rohan" failures="0" tests="3" name="testNG_practice.LearningWithDataProvider" time="0.104" errors="0" timestamp="2025-05-04T02:55:16 IST" skipped="0">
  <testcase classname="testNG_practice.LearningWithDataProvider" name="setData" time="0.058"/>
  <testcase classname="testNG_practice.LearningWithDataProvider" name="setData" time="0.029"/>
  <testcase classname="testNG_practice.LearningWithDataProvider" name="setData" time="0.017"/>
</testsuite> <!-- testNG_practice.LearningWithDataProvider -->
