<?xml version="1.0" encoding="UTF-8"?>
<!-- Generated by org.testng.reporters.JUnitReportReporter -->
<testsuite hostname="Rohan" failures="0" tests="2" name="testNG_practice.LearningWithPriority" time="8.746" errors="0" timestamp="2025-05-04T02:55:16 IST" skipped="0">
  <testcase classname="testNG_practice.LearningWithPriority" name="methodTest" time="8.741"/>
  <testcase classname="testNG_practice.LearningWithPriority" name="actionTest" time="0.005"/>
</testsuite> <!-- testNG_practice.LearningWithPriority -->
